<?xml version="1.0" encoding="UTF-8"?>
<!-- Generated by org.testng.reporters.JUnitXMLReporter -->
<testsuite ignored="2" hostname="PC-X" failures="0" tests="2" name="Test" time="20.722" errors="0" timestamp="2025-03-03T12:26:19 EST">
  <testcase classname="scripts.Home" name="home" time="3.806"/>
  <testcase classname="scripts.AddToBag" name="addToBag" time="13.273"/>
  <testcase classname="genericlib.BaseTest" name="@AfterTest closeapp" time="0.0">
    <ignored/>
  </testcase> <!-- @AfterTest closeapp -->
  <testcase classname="genericlib.BaseTest" name="@BeforeTest openapp" time="0.0">
    <ignored/>
  </testcase> <!-- @BeforeTest openapp -->
</testsuite> <!-- Test -->
