<?xml version="1.0" encoding="UTF-8"?>
<testng-results ignored="0" total="1" passed="1" failed="0" skipped="0">
  <reporter-output>
    <line>
      <![CDATA[Title is: Logged In Successfully | Practice Test Automation]]>
    </line>
  </reporter-output>
  <suite started-at="2025-06-02T19:24:31 EDT" name="Default suite" finished-at="2025-06-02T19:24:37 EDT" duration-ms="5869">
    <groups>
    </groups>
    <test started-at="2025-06-02T19:24:31 EDT" name="Default test" finished-at="2025-06-02T19:24:37 EDT" duration-ms="5869">
      <class name="scripts.Login">
        <test-method is-config="true" signature="openapp()[pri:0, instance:scripts.Login@477b4cdf]" started-at="2025-06-02T19:24:31 EDT" name="openapp" finished-at="2025-06-02T19:24:35 EDT" duration-ms="3954" status="PASS">
          <reporter-output>
          </reporter-output>
        </test-method> <!-- openapp -->
        <test-method signature="search()[pri:0, instance:scripts.Login@477b4cdf]" started-at="2025-06-02T19:24:35 EDT" name="search" finished-at="2025-06-02T19:24:36 EDT" duration-ms="1716" status="PASS">
          <reporter-output>
            <line>
              <![CDATA[Title is: Logged In Successfully | Practice Test Automation]]>
            </line>
          </reporter-output>
        </test-method> <!-- search -->
        <test-method is-config="true" signature="closeapp()[pri:0, instance:scripts.Login@477b4cdf]" started-at="2025-06-02T19:24:36 EDT" name="closeapp" finished-at="2025-06-02T19:24:37 EDT" duration-ms="157" status="PASS">
          <reporter-output>
          </reporter-output>
        </test-method> <!-- closeapp -->
      </class> <!-- scripts.Login -->
    </test> <!-- Default test -->
  </suite> <!-- Default suite -->
</testng-results>
